[  0%] Built target actionlib_msgs_generate_messages_cpp
[  0%] Built target nav_msgs_generate_messages_cpp
[  0%] Built target tf2_msgs_generate_messages_nodejs
[  0%] Built target nav_msgs_generate_messages_eus
[  0%] Built target nav_msgs_generate_messages_lisp
[  0%] Built target tf2_msgs_generate_messages_lisp
[  0%] Built target std_srvs_generate_messages_eus
[  0%] Built target actionlib_generate_messages_cpp
[  0%] Built target actionlib_generate_messages_py
[  0%] Built target nav_msgs_generate_messages_py
[  0%] Built target actionlib_generate_messages_nodejs
[  0%] Built target tf_generate_messages_nodejs
[  0%] Built target tf_generate_messages_lisp
[ 14%] Built target parallel_planner_gencfg
[ 14%] Built target actionlib_msgs_generate_messages_py
[ 14%] Built target tf_generate_messages_cpp
[ 14%] Built target nodelet_generate_messages_lisp
[ 14%] Built target topic_tools_generate_messages_nodejs
[ 14%] Built target topic_tools_generate_messages_lisp
[ 14%] Built target topic_tools_generate_messages_eus
[ 14%] Built target rosgraph_msgs_generate_messages_nodejs
[ 14%] Built target pcl_msgs_generate_messages_cpp
[ 14%] Built target std_msgs_generate_messages_py
[ 14%] Built target geometry_msgs_generate_messages_eus
[ 14%] Built target std_msgs_generate_messages_cpp
[ 14%] Built target std_msgs_generate_messages_nodejs
[ 14%] Built target nav_msgs_generate_messages_nodejs
[ 14%] Built target sensor_msgs_generate_messages_cpp
[ 14%] Built target std_msgs_generate_messages_lisp
[ 14%] Built target actionlib_generate_messages_lisp
[ 14%] Built target actionlib_msgs_generate_messages_eus
[ 14%] Built target roscpp_generate_messages_lisp
[ 14%] Built target dynamic_reconfigure_generate_messages_py
[ 14%] Built target tf_generate_messages_eus
[ 14%] Built target rosgraph_msgs_generate_messages_lisp
[ 14%] Built target roscpp_generate_messages_cpp
[ 14%] Built target std_srvs_generate_messages_cpp
[ 14%] Built target rosgraph_msgs_generate_messages_py
[ 14%] Built target roscpp_generate_messages_py
[ 14%] Built target tf2_msgs_generate_messages_py
[ 14%] Built target topic_tools_generate_messages_py
[ 14%] Built target sensor_msgs_generate_messages_nodejs
[ 14%] Built target bond_generate_messages_cpp
[ 14%] Built target dynamic_reconfigure_generate_messages_nodejs
[ 14%] Built target sensor_msgs_generate_messages_eus
[ 14%] Built target bond_generate_messages_eus
[ 14%] Built target nodelet_topic_tools_gencfg
[ 14%] Built target sensor_msgs_generate_messages_lisp
[ 14%] Built target geometry_msgs_generate_messages_py
[ 14%] Built target bond_generate_messages_lisp
[ 14%] Built target tf2_msgs_generate_messages_eus
[ 14%] Built target geometry_msgs_generate_messages_cpp
[ 14%] Built target geometry_msgs_generate_messages_lisp
[ 14%] Built target sensor_msgs_generate_messages_py
[ 14%] Built target actionlib_msgs_generate_messages_nodejs
[ 14%] Built target actionlib_msgs_generate_messages_lisp
[ 14%] Built target roscpp_generate_messages_nodejs
[ 14%] Built target tf_generate_messages_py
[ 14%] Built target roscpp_generate_messages_eus
[ 14%] Built target actionlib_generate_messages_eus
[ 14%] Built target std_msgs_generate_messages_eus
[ 14%] Built target std_srvs_generate_messages_py
[ 14%] Built target rosgraph_msgs_generate_messages_eus
[ 14%] Built target rosgraph_msgs_generate_messages_cpp
[ 14%] Built target pcl_ros_gencfg
[ 14%] Built target geometry_msgs_generate_messages_nodejs
[ 14%] Built target dynamic_reconfigure_generate_messages_eus
[ 14%] Built target dynamic_reconfigure_gencfg
[ 14%] Built target dynamic_reconfigure_generate_messages_cpp
[ 14%] Built target nodelet_generate_messages_eus
[ 14%] Built target dynamic_reconfigure_generate_messages_lisp
[ 14%] Built target std_srvs_generate_messages_lisp
[ 14%] Built target nodelet_generate_messages_cpp
[ 14%] Built target tf2_msgs_generate_messages_cpp
[ 14%] Built target nodelet_generate_messages_nodejs
[ 14%] Built target nodelet_generate_messages_py
[ 14%] Built target bond_generate_messages_py
[ 14%] Built target std_srvs_generate_messages_nodejs
[35m[1mScanning dependencies of target vfh_node[0m
[ 14%] Built target bond_generate_messages_nodejs
[ 14%] Built target pcl_msgs_generate_messages_py
[ 14%] Built target pcl_msgs_generate_messages_lisp
[ 14%] Built target pcl_msgs_generate_messages_eus
[ 14%] Built target topic_tools_generate_messages_cpp
[ 14%] Built target pcl_msgs_generate_messages_nodejs
[ 28%] [32mBuilding CXX object CMakeFiles/vfh_node.dir/src/nodes/vfh_node.cpp.o[0m
[ 57%] Built target dsm_node
[ 85%] Built target kalman_filter_node
[01m[K/home/kal1b/catkin_ws/src/avoidance/parallel_planner/src/nodes/vfh_node.cpp:25:31:[m[K [01;31m[Kerror: [m[Kâ€˜[01m[Kparallel_planner[m[Kâ€™ was not declared in this scope
   25 |   dynamic_reconfigure::Server<[01;31m[Kparallel_planner[m[K::PlannerConfig> dyn_server_;
      |                               [01;31m[K^~~~~~~~~~~~~~~~[m[K
[01m[K/home/kal1b/catkin_ws/src/avoidance/parallel_planner/src/nodes/vfh_node.cpp:25:62:[m[K [01;31m[Kerror: [m[Ktemplate argument 1 is invalid
   25 |   dynamic_reconfigure::Server<parallel_planner::PlannerConfig[01;31m[K>[m[K dyn_server_;
      |                                                              [01;31m[K^[m[K
[01m[K/home/kal1b/catkin_ws/src/avoidance/parallel_planner/src/nodes/vfh_node.cpp:26:3:[m[K [01;31m[Kerror: [m[Kâ€˜[01m[Kparallel_planner[m[Kâ€™ does not name a type
   26 |   [01;31m[Kparallel_planner[m[K::PlannerConfig current_config_;
      |   [01;31m[K^~~~~~~~~~~~~~~~[m[K
[01m[K/home/kal1b/catkin_ws/src/avoidance/parallel_planner/src/nodes/vfh_node.cpp:43:27:[m[K [01;31m[Kerror: [m[Kâ€˜[01m[Kparallel_planner[m[Kâ€™ has not been declared
   43 |     void reconfigCallback([01;31m[Kparallel_planner[m[K::PlannerConfig& config, uint32_t level)
      |                           [01;31m[K^~~~~~~~~~~~~~~~[m[K
[01m[K/home/kal1b/catkin_ws/src/avoidance/parallel_planner/src/nodes/vfh_node.cpp:43:58:[m[K [01;31m[Kerror: [m[Kexpected â€˜[01m[K,[m[Kâ€™ or â€˜[01m[K...[m[Kâ€™ before â€˜[01m[K&[m[Kâ€™ token
   43 |     void reconfigCallback(parallel_planner::PlannerConfig[01;31m[K&[m[K config, uint32_t level)
      |                                                          [01;31m[K^[m[K
[01m[K/home/kal1b/catkin_ws/src/avoidance/parallel_planner/src/nodes/vfh_node.cpp:[m[K In member function â€˜[01m[Kvoid VFHNode::pointCloudCallback(const ConstPtr&)[m[Kâ€™:
[01m[K/home/kal1b/catkin_ws/src/avoidance/parallel_planner/src/nodes/vfh_node.cpp:35:9:[m[K [01;31m[Kerror: [m[Kâ€˜[01m[Kcmd_pub_[m[Kâ€™ was not declared in this scope
   35 |         [01;31m[Kcmd_pub_[m[K.publish(cmd);
      |         [01;31m[K^~~~~~~~[m[K
[01m[K/home/kal1b/catkin_ws/src/avoidance/parallel_planner/src/nodes/vfh_node.cpp:[m[K In member function â€˜[01m[Kvoid VFHNode::reconfigCallback(int)[m[Kâ€™:
[01m[K/home/kal1b/catkin_ws/src/avoidance/parallel_planner/src/nodes/vfh_node.cpp:45:9:[m[K [01;31m[Kerror: [m[Kâ€˜[01m[Kcurrent_config_[m[Kâ€™ was not declared in this scope
   45 |         [01;31m[Kcurrent_config_[m[K = config;
      |         [01;31m[K^~~~~~~~~~~~~~~[m[K
[01m[K/home/kal1b/catkin_ws/src/avoidance/parallel_planner/src/nodes/vfh_node.cpp:45:27:[m[K [01;31m[Kerror: [m[Kâ€˜[01m[Kconfig[m[Kâ€™ was not declared in this scope
   45 |         current_config_ = [01;31m[Kconfig[m[K;
      |                           [01;31m[K^~~~~~[m[K
[01m[K/home/kal1b/catkin_ws/src/avoidance/parallel_planner/src/nodes/vfh_node.cpp:[m[K At global scope:
[01m[K/home/kal1b/catkin_ws/src/avoidance/parallel_planner/src/nodes/vfh_node.cpp:53:1:[m[K [01;31m[Kerror: [m[Kexpected unqualified-id before â€˜[01m[Kpublic[m[Kâ€™
   53 | [01;31m[Kpublic[m[K:
      | [01;31m[K^~~~~~[m[K
[01m[K/home/kal1b/catkin_ws/src/avoidance/parallel_planner/src/nodes/vfh_node.cpp:[m[K In function â€˜[01m[Kvoid stateCallback(const ConstPtr&)[m[Kâ€™:
[01m[K/home/kal1b/catkin_ws/src/avoidance/parallel_planner/src/nodes/vfh_node.cpp:79:27:[m[K [01;31m[Kerror: [m[Kâ€˜[01m[Kcurrent_yaw_[m[Kâ€™ was not declared in this scope
   79 |     m.getRPY(roll, pitch, [01;31m[Kcurrent_yaw_[m[K);
      |                           [01;31m[K^~~~~~~~~~~~[m[K
[01m[K/home/kal1b/catkin_ws/src/avoidance/parallel_planner/src/nodes/vfh_node.cpp:[m[K In function â€˜[01m[Kvoid pointCloudCallback(const ConstPtr&)[m[Kâ€™:
[01m[K/home/kal1b/catkin_ws/src/avoidance/parallel_planner/src/nodes/vfh_node.cpp:84:13:[m[K [01;31m[Kerror: [m[Kâ€˜[01m[Knum_sectors_[m[Kâ€™ was not declared in this scope
   84 |     int n = [01;31m[Knum_sectors_[m[K;
      |             [01;31m[K^~~~~~~~~~~~[m[K
[01m[K/home/kal1b/catkin_ws/src/avoidance/parallel_planner/src/nodes/vfh_node.cpp:92:18:[m[K [01;31m[Kerror: [m[Kâ€˜[01m[Ksafety_dist_[m[Kâ€™ was not declared in this scope
   92 |       if (dist < [01;31m[Ksafety_dist_[m[K) {
      |                  [01;31m[K^~~~~~~~~~~~[m[K
[01m[K/home/kal1b/catkin_ws/src/avoidance/parallel_planner/src/nodes/vfh_node.cpp:126:9:[m[K [01;31m[Kerror: [m[Kâ€˜[01m[Knav_pub_[m[Kâ€™ was not declared in this scope
  126 |         [01;31m[Knav_pub_[m[K.publish(stop_cmd);
      |         [01;31m[K^~~~~~~~[m[K
[01m[K/home/kal1b/catkin_ws/src/avoidance/parallel_planner/src/nodes/vfh_node.cpp:141:44:[m[K [01;31m[Kerror: [m[Kâ€˜[01m[Kmax_yaw_rate_[m[Kâ€™ was not declared in this scope
  141 |       yaw_rate_cmd = (relative_angle > 0 ? [01;31m[Kmax_yaw_rate_[m[K : -max_yaw_rate_);
      |                                            [01;31m[K^~~~~~~~~~~~~[m[K
[01m[K/home/kal1b/catkin_ws/src/avoidance/parallel_planner/src/nodes/vfh_node.cpp:145:26:[m[K [01;31m[Kerror: [m[Kâ€˜[01m[Kforward_speed_[m[Kâ€™ was not declared in this scope; did you mean â€˜[01m[Kforward_cmd[m[Kâ€™?
  145 |     double forward_cmd = [01;31m[Kforward_speed_[m[K;
      |                          [01;31m[K^~~~~~~~~~~~~~[m[K
      |                          [32m[Kforward_cmd[m[K
[01m[K/home/kal1b/catkin_ws/src/avoidance/parallel_planner/src/nodes/vfh_node.cpp:157:5:[m[K [01;31m[Kerror: [m[Kâ€˜[01m[Knav_pub_[m[Kâ€™ was not declared in this scope
  157 |     [01;31m[Knav_pub_[m[K.publish(cmd);
      |     [01;31m[K^~~~~~~~[m[K
[01m[K/home/kal1b/catkin_ws/src/avoidance/parallel_planner/src/nodes/vfh_node.cpp:[m[K At global scope:
[01m[K/home/kal1b/catkin_ws/src/avoidance/parallel_planner/src/nodes/vfh_node.cpp:159:1:[m[K [01;31m[Kerror: [m[Kexpected declaration before â€˜[01m[K}[m[Kâ€™ token
  159 | [01;31m[K}[m[K;
      | [01;31m[K^[m[K
make[2]: *** [CMakeFiles/vfh_node.dir/build.make:63: CMakeFiles/vfh_node.dir/src/nodes/vfh_node.cpp.o] ÐžÑˆÐ¸Ð±ÐºÐ° 1
make[1]: *** [CMakeFiles/Makefile2:229: CMakeFiles/vfh_node.dir/all] ÐžÑˆÐ¸Ð±ÐºÐ° 2
make: *** [Makefile:141: all] ÐžÑˆÐ¸Ð±ÐºÐ° 2
